<?xml version="1.0" encoding="UTF-8"?>
<!-- Generated by org.testng.reporters.JUnitXMLReporter -->
<testsuite hostname="Abhijit" ignored="0" name="Surefire test" tests="3" failures="0" timestamp="05 Dec 2018 05:19:51 GMT" time="189.333" errors="0">
  <testcase name="Signin" time="2.915" classname="com.amazon.qa.test.LoginPageTest"/>
  <testcase name="validateTitle" time="0.092" classname="com.amazon.qa.test.LoginPageTest"/>
  <testcase name="Login" time="12.938" classname="com.amazon.qa.test.LoginPageTest"/>
</testsuite> <!-- Surefire test -->
