<?xml version="1.0" encoding="UTF-8"?>
<!-- Generated by org.testng.reporters.JUnitXMLReporter -->
<testsuite hostname="Abhijit" ignored="0" name="Default test" tests="3" failures="0" timestamp="04 Dec 2018 04:29:11 GMT" time="129.792" errors="0">
  <testcase name="Signin" time="2.391" classname="com.amazon.qa.test.LoginPageTest"/>
  <testcase name="validateTitle" time="0.191" classname="com.amazon.qa.test.LoginPageTest"/>
  <testcase name="Login" time="7.12" classname="com.amazon.qa.test.LoginPageTest"/>
</testsuite> <!-- Default test -->
