<?xml version="1.0" encoding="UTF-8"?>
<testsuite xmlns:xsi="http://www.w3.org/2001/XMLSchema-instance" xsi:noNamespaceSchemaLocation="https://maven.apache.org/surefire/maven-surefire-plugin/xsd/surefire-test-report.xsd" name="com.amazon.qa.test.LoginPageTest" time="190.518" tests="3" errors="0" skipped="0" failures="0">
  <properties>
[...]
</properties>
  <testcase name="Signin" classname="com.amazon.qa.test.LoginPageTest" time="2.916"/>
  <testcase name="validateTitle" classname="com.amazon.qa.test.LoginPageTest" time="0.093"/>
  <testcase name="Login" classname="com.amazon.qa.test.LoginPageTest" time="12.938"/>
</testsuite>