<?xml version="1.0" encoding="UTF-8"?>
<testng-results skipped="0" failed="0" ignored="0" total="3" passed="3">
  <reporter-output>
  </reporter-output>
  <suite name="Surefire suite" duration-ms="189333" started-at="2018-12-05T05:16:42Z" finished-at="2018-12-05T05:19:51Z">
    <groups>
    </groups>
    <test name="Surefire test" duration-ms="189333" started-at="2018-12-05T05:16:42Z" finished-at="2018-12-05T05:19:51Z">
      <class name="com.amazon.qa.test.LoginPageTest">
        <test-method status="PASS" signature="setup()[pri:0, instance:com.amazon.qa.test.LoginPageTest@73f792cf]" name="setup" is-config="true" duration-ms="53779" started-at="2018-12-05T05:16:42Z" finished-at="2018-12-05T05:17:36Z">
          <reporter-output>
          </reporter-output>
        </test-method> <!-- setup -->
        <test-method status="PASS" signature="Signin()[pri:1, instance:com.amazon.qa.test.LoginPageTest@73f792cf]" name="Signin" duration-ms="2915" started-at="2018-12-05T05:17:36Z" finished-at="2018-12-05T05:17:39Z">
          <reporter-output>
          </reporter-output>
        </test-method> <!-- Signin -->
        <test-method status="PASS" signature="TearDown()[pri:0, instance:com.amazon.qa.test.LoginPageTest@73f792cf]" name="TearDown" is-config="true" duration-ms="1159" started-at="2018-12-05T05:17:39Z" finished-at="2018-12-05T05:17:40Z">
          <reporter-output>
          </reporter-output>
        </test-method> <!-- TearDown -->
        <test-method status="PASS" signature="setup()[pri:0, instance:com.amazon.qa.test.LoginPageTest@73f792cf]" name="setup" is-config="true" duration-ms="53515" started-at="2018-12-05T05:17:40Z" finished-at="2018-12-05T05:18:33Z">
          <reporter-output>
          </reporter-output>
        </test-method> <!-- setup -->
        <test-method status="PASS" signature="validateTitle()[pri:2, instance:com.amazon.qa.test.LoginPageTest@73f792cf]" name="validateTitle" duration-ms="92" started-at="2018-12-05T05:18:33Z" finished-at="2018-12-05T05:18:33Z">
          <reporter-output>
          </reporter-output>
        </test-method> <!-- validateTitle -->
        <test-method status="PASS" signature="TearDown()[pri:0, instance:com.amazon.qa.test.LoginPageTest@73f792cf]" name="TearDown" is-config="true" duration-ms="805" started-at="2018-12-05T05:18:34Z" finished-at="2018-12-05T05:18:34Z">
          <reporter-output>
          </reporter-output>
        </test-method> <!-- TearDown -->
        <test-method status="PASS" signature="setup()[pri:0, instance:com.amazon.qa.test.LoginPageTest@73f792cf]" name="setup" is-config="true" duration-ms="63248" started-at="2018-12-05T05:18:34Z" finished-at="2018-12-05T05:19:38Z">
          <reporter-output>
          </reporter-output>
        </test-method> <!-- setup -->
        <test-method status="PASS" signature="Login()[pri:3, instance:com.amazon.qa.test.LoginPageTest@73f792cf]" name="Login" duration-ms="12938" started-at="2018-12-05T05:19:38Z" finished-at="2018-12-05T05:19:50Z">
          <reporter-output>
          </reporter-output>
        </test-method> <!-- Login -->
        <test-method status="PASS" signature="TearDown()[pri:0, instance:com.amazon.qa.test.LoginPageTest@73f792cf]" name="TearDown" is-config="true" duration-ms="845" started-at="2018-12-05T05:19:50Z" finished-at="2018-12-05T05:19:51Z">
          <reporter-output>
          </reporter-output>
        </test-method> <!-- TearDown -->
      </class> <!-- com.amazon.qa.test.LoginPageTest -->
    </test> <!-- Surefire test -->
  </suite> <!-- Surefire suite -->
</testng-results>
